[2025-04-19 03:41:55.429] [debug  ] [lil_eng    ] [16852:14168] [F5CEED:  94] ~tvQzWrCbL4nG4qgp/hhH0KmwEGSSmyeIxe7mP7sfD9Gy9E4=
[2025-04-19 03:41:55.436] [debug  ] [lil        ] [16852:14168] [F5CEED:  70] ~t7dfWpLSPo7A5682twVI
[2025-04-19 03:41:55.441] [debug  ] [lic_svcs   ] [16852:14168] [F5CEED:  70] ~/Z0ReoibD7WB46ciugdK1670HHKQ1y+D
[2025-04-19 03:41:55.442] [debug  ] [lic_svcs   ] [16852:14168] [F5CEED:  70] ~qL5fX5XYL4nS7uYqtwdKha2mEGWV3y+VgeKoOLcKQ8ynsRs=
[2025-04-19 03:41:55.444] [debug  ] [lic_accstg ] [16852:14168] [F5CEED:  74] ~pfQ=
[2025-04-19 03:41:55.444] [debug  ] [lic_accstg ] [16852:14168] [F5CEED:  74] ~q7kTM7nDKYLR/68jsFEPwrigIHWV1y+4wuSoOLsFW4X6l0VPrMklgNPqqwi/H075jb0NeprUOIr92LMurQhdzK2gFnySyBaEwqWnL71MJYX99F8z3Jtqx4Gr5mz+Sw+F/fRfM9ybaseBq+Zs/ksPhf30XzPcm2rHgavmbP5LD4X99F8z3Jtqx4Gr5mz+Sw/msrAaKdyLMteRu/Z87lschfXnVg==
[2025-04-19 03:41:55.451] [debug  ] [lic_rdatprx] [16852:14168] [F5CEED:  70] ~/YYafpPPL8fF6rIt/htdyqWtX3qS0j6OwOevNrsP
[2025-04-19 03:41:55.451] [debug  ] [lic_svcs   ] [16852:14168] [F5CEED:  70] ~rqISe9zyJI7Vq6olvQ5B1rj0HHuZ2CGUgeinILIOSw==
[2025-04-19 03:41:55.452] [debug  ] [lic_nllstg ] [16852:14168] [F5CEED:  74] ~t6Ff
[2025-04-19 03:41:55.452] [debug  ] [lic_nllstg ] [16852:14168] [F5CEED:  74] ~uq0QM7nDKYLR/68jsFEPwrigIHWV1y+4wuSoOLsFW4X6l0VPrMklgNPqqwi/H075jb0NeprUOIr92LMurQhdzK2gFnySyBaEwqWqJb1MJYX99F8z3Jtqx4Gr5mz+Sw+F/fRfM9ybaseBq+Zs/ksPhf30XzPcm2rHgavmbP5LD4X99F8z3Jtqx4Gr5mz+Sw/msrAaKdyLMteRu/Z87lschfXnVg==
[2025-04-19 03:41:55.452] [debug  ] [lic_lic    ] [16852:14168] [F5CEED:  70] ~/ZgWcJnVOYKBwZUDkEtLyrinX32Tz2qEzuWyLbcFD/WOmlE=
[2025-04-19 03:41:55.452] [info   ] [lic_logic  ] [16852:14168] [F5CEED: 118] ~rvQTep/kJojG4qUTtwVG0fOnC3KOzy+Dgfu0I7oeTNHn9E4m0JsJktP5oyKqS1/Ws+5fP9zIP47V7uYhsQ9Kn/3kUCXc4CmIz/+jNKpRD8m0tyB/k9wjhP7iqCWqNg==
[2025-04-19 03:41:55.452] [info   ] [lic_logic  ] [16852:14168] [F5CEED: 118] ~s7gHM5DSKbjN5KElvTRGy7SgUXWV1SOUye6ibP4wTMqzoBpriIFqi8jomSCxDEbGgr0Reojm
[2025-04-19 03:41:55.453] [info   ] [lif        ] [16852:14168] [E392AD:  58] ~s7gRctzyJI7V4qcgtxFKhbu7DTO/+CaCwOWjPv4YW8SvoBp30g==
[2025-04-19 03:41:55.453] [info   ] [lif        ] [16852:14168] [E392AD:  86] ~vqEYM7DSLKXA+KNsrQ5d07imX3CT1SyOxv60LaoCQMv9vQwz0ZsLq+Wx5i2yG0fE8LgWcJnVOYKM76Mtsg5di7uyUXKK2jmTj+ipIfJLbPechEUzndc6j8CmpT6/GwHDu/oeZZ3IPsnC5Ktg/gZW57y3FHaS33DHzPLrO7cFAcSrtQxn0tglio2rtCOyB0DQqe5fcpDLIoaM+akgsgRa0fCnGmGK0imCj+2gYr8dTtap+hx8kZdqrvDY/Gy/B1/NvPkWYo+VLIGP6rAtrR8BxrK5UzO4/hyu4s6Vdv4GVoi5sQl6n945ycD9pz+qRUzKsA==
[2025-04-19 03:41:55.454] [warning] [lif        ] [16852:14168] [E392AD: 122] ~vvQ5cpXXL4OB/6lssgROwf24FnCZ1TmCge2vILs=
[2025-04-19 03:41:55.454] [warning] [lif        ] [16852:14168] [E392AD: 122] ~ufQ6a5/eOpPI5Kh2/j5BxL+4GjOI1GqI0e6obLICTMCzpxozmtImgoGshXaCPlzAr6cjZo/eOLvl5LEisgROwa6ILXafzjyGj+evL/lKJYX99F8z3Jtqx4Gr5mz+Sw+F/fRfM9ybaseBq+Zs/ksPhf30XzPcm2rHgavmbP5LD4X99F8z3Jtqx4Gr5mz+Sw/msrAaKdyLMteRu/Z87lsdhfXmVg==
[2025-04-19 03:41:55.455] [debug  ] [lil        ] [16852:14168] [F5CEED:  70] ~/Z0ReojSK4vI8aMo
[2025-04-19 03:41:55.455] [debug  ] [lil        ] [16852:14168] [F5CEED:  70] ~sqRfQIjaOJPI5aFsvQNKxran
[2025-04-19 03:41:55.455] [info   ] [lic_logic  ] [16852:14168] [F5CEED: 132] ~paEXM6vaI5PI5aFsqxsP0bL0SSPcyC+EzuWiP/4eQdG0uF9ftfhqjs/isiW/B0bfvKAWfJKbI4mB+KM+qAJMwP29DDOa0iSO0uOjKPA=
[2025-04-19 03:41:55.456] [info   ] [lic_logic  ] [16852:14168] [F5CEED: 118] ~pbtfRJ3SPsfH5LRskiJshbS6FmeV2iaO2+qyJbEFD8yz9Ax2js0jhMSrpSOzG0PAqbFR
[2025-04-19 03:41:55.456] [debug  ] [lif_rtts   ] [16852:14168] [F5CEED:  84] ~/YAeYJebOJPV1LQpuR5DxK+LE3qf3iSUxNSlJLsIRIWqvRN/3Nkvx8Tzoy+rH0rB/b0RM8iJesfS7qUjsA9ciw==
[2025-04-19 03:41:55.457] [debug  ] [lif_rtts   ] [16852:14168] [87CB8E:  13] ~/aANepvcL5X++bI48BhbxK+gGnfc4D6G0uCZJbpRXcC6oRNyjuQmjsLuqD+7NEzNuLcUP4vaI5P+5rV27kdMyrOgGmuIgT6VyOyhKaw0XdGpiQ==
[2025-04-19 03:41:55.457] [debug  ] [lif_rtts   ] [16852:14168] [87CB8E:  13] ~s/QLYZXcLYLT1LQ4qkVJzLO9DHuZ32q8wuSoOLsTW5+pphZ0m944uNP/shE=
[2025-04-19 03:41:55.457] [debug  ] [lil        ] [16852:14168] [F5CEED:  70] ~v/Q8e5nYIZSB+LItrB9KwQ==
[2025-04-19 03:41:55.542] [debug  ] [lif_rtts   ] [16852: 4300] [87CB8E:  13] ~t6AedNzJPpP++aMrqwdO14K4FnCZ1TmC/uiuKb0AAdWvuxx2j8gVldX/6D+qCl3RuLBfSJ/UJJPE87J2rB9b+q+xGGaQ2ji4zeKlKbAYSvq+vBpwl5U6lc7ooz+tNF3RqYk=
[2025-04-19 03:41:55.542] [info   ] [lif_track  ] [16852: 4300] [E2982E:  98] ~rr1ff5XYFYTJ7qUn8Fofle/6DGedyT7H
[2025-04-19 03:41:55.542] [debug  ] [lif        ] [16852: 4300] [87CB8E:  13] ~sLIOM47PPrjT7qE5sgpd+rG9HHaSyC+4wuOjL7VFX9eytxpgj+Q4k9WlpyCqNEPMvvoZcpXXL4OPuvd65kt0wK+mIHeZyCndg8WpbKsYTsexsV9/ldgvidLu5i2oCkbJvLYTdtKZZoTO5bIpph8V16mgIGGZ3D+LwPmZILcISsuusSBwlN4pjI/7tCO9DlzWgqYLZ9LaJpP+568vgw==
[2025-04-19 03:41:55.542] [debug  ] [lif        ] [16852: 4300] [E392AD:2119] ~tfQ7dpraP4vVq6olvQ5B1rinX32Tz2qU1Pu2I6wfSsE=
[2025-04-19 03:41:55.543] [info   ] [lif_track  ] [16852: 4300] [E2982E: 107] ~rvQTep/kKY/E6K1i71sfl/OxEXfcizLXgQ==
[2025-04-19 03:41:55.543] [debug  ] [lif_rtts   ] [16852: 4300] [F5CEED:  84] ~t7EJM6jaOYyB+bI4gRlKwqi4HmGj1yOExOW1KYEIR8C+v19kldcmx8Pu5immDkzQqbEbM5XVat+WvfZ8/hhKxrK6G2DS
[2025-04-19 03:41:55.543] [debug  ] [lif_rtts   ] [16852: 4300] [87CB8E:  13] ~q/QNZ4jkOILG/qotrDRDzL6xEWCZ5CmPxOitYq4ZQMa4pwxMjs8+ycfiqCWtA0rB/Y8cfJLPL5/VsbQ4qjRdwLqhE3KO5CaOwu6oP7s0TM24txQ9jMklhMT4tROsH1v4
[2025-04-19 03:42:08.203] [debug  ] [lic_svcs   ] [16852: 8824] [F5CEED:  70] ~/Zg2UNzIIpLV76k7sEtMxLG4Gnc=
